SF:lib/src/services/weather_service.dart
DA:14,1
DA:17,0
DA:19,1
DA:20,1
DA:23,1
DA:26,2
DA:28,2
DA:33,3
DA:34,2
DA:36,0
DA:37,0
DA:41,1
DA:43,1
DA:44,1
DA:45,1
DA:46,1
DA:48,1
DA:49,0
DA:51,1
DA:52,0
DA:54,2
DA:55,2
DA:59,3
DA:60,2
DA:62,0
DA:63,0
DA:67,1
DA:69,1
DA:70,1
DA:71,1
DA:72,1
DA:74,1
DA:75,0
DA:77,2
DA:78,2
DA:82,3
DA:83,2
DA:85,0
DA:86,0
DA:90,1
DA:92,1
DA:93,1
DA:94,1
DA:95,1
DA:97,1
DA:98,0
DA:100,1
DA:101,0
DA:103,1
DA:104,0
DA:106,2
DA:107,2
DA:111,3
DA:112,2
DA:114,0
DA:115,0
LF:56
LH:41
end_of_record
SF:lib/src/models/common/common_models.dart
DA:12,2
DA:23,2
DA:33,2
DA:43,2
DA:53,2
DA:63,2
DA:73,2
DA:83,2
DA:93,2
DA:103,2
DA:113,2
DA:122,2
DA:133,2
DA:143,2
DA:153,2
DA:163,2
DA:173,2
DA:183,0
DA:193,0
DA:203,2
DA:213,2
DA:226,0
DA:236,0
LF:23
LH:19
end_of_record
SF:lib/src/models/common/common_models.g.dart
DA:9,1
DA:10,1
DA:11,1
DA:14,0
DA:15,0
DA:16,0
DA:19,1
DA:21,1
DA:22,1
DA:24,2
DA:25,1
DA:28,0
DA:30,0
DA:31,0
DA:32,0
DA:33,0
DA:36,1
DA:37,1
DA:38,1
DA:39,1
DA:42,0
DA:43,0
DA:44,0
DA:45,0
DA:48,1
DA:49,1
DA:50,2
DA:51,1
DA:54,0
DA:55,0
DA:56,0
DA:57,0
DA:60,1
DA:62,1
DA:63,2
DA:64,1
DA:67,0
DA:69,0
DA:70,0
DA:71,0
DA:74,1
DA:75,1
DA:76,2
DA:77,1
DA:80,0
DA:81,0
DA:82,0
DA:83,0
DA:86,1
DA:87,1
DA:88,2
DA:89,1
DA:92,0
DA:93,0
DA:94,0
DA:95,0
DA:98,1
DA:99,1
DA:100,2
DA:101,1
DA:104,0
DA:105,0
DA:106,0
DA:107,0
DA:110,1
DA:111,1
DA:113,2
DA:114,2
DA:117,0
DA:118,0
DA:119,0
DA:120,0
DA:123,1
DA:124,1
DA:125,2
DA:126,1
DA:129,0
DA:130,0
DA:131,0
DA:132,0
DA:135,2
DA:136,2
DA:137,1
DA:140,0
DA:141,0
DA:142,0
DA:145,1
DA:146,1
DA:147,2
DA:150,0
DA:151,0
DA:152,0
DA:155,2
DA:156,2
DA:157,2
DA:158,2
DA:161,0
DA:162,0
DA:163,0
DA:164,0
DA:165,0
DA:168,1
DA:169,1
DA:170,2
DA:171,1
DA:174,0
DA:175,0
DA:176,0
DA:177,0
DA:180,2
DA:181,2
DA:182,1
DA:185,0
DA:186,0
DA:187,0
DA:188,0
DA:191,2
DA:192,2
DA:193,1
DA:196,0
DA:197,0
DA:198,0
DA:199,0
DA:202,1
DA:203,1
DA:204,2
DA:205,1
DA:208,0
DA:209,0
DA:210,0
DA:211,0
DA:214,0
DA:215,0
DA:216,0
DA:217,0
DA:220,0
DA:221,0
DA:222,0
DA:223,0
DA:226,0
DA:227,0
DA:228,0
DA:229,0
DA:232,0
DA:233,0
DA:234,0
DA:235,0
DA:238,1
DA:239,1
DA:240,2
DA:241,1
DA:244,0
DA:246,0
DA:247,0
DA:248,0
DA:251,1
DA:252,1
DA:253,2
DA:254,1
DA:257,0
DA:259,0
DA:260,0
DA:261,0
DA:264,0
DA:266,0
DA:267,0
DA:268,0
DA:269,0
DA:270,0
DA:271,0
DA:274,0
DA:276,0
DA:277,0
DA:278,0
DA:279,0
DA:280,0
DA:281,0
DA:284,0
DA:286,0
DA:287,0
DA:288,0
DA:291,0
DA:293,0
DA:294,0
DA:295,0
LF:185
LH:72
end_of_record
SF:lib/src/models/current/current_conditions.dart
DA:30,2
DA:42,2
DA:52,2
LF:3
LH:3
end_of_record
SF:lib/src/models/current/current_conditions.g.dart
DA:9,1
DA:11,1
DA:12,2
DA:13,2
DA:14,1
DA:15,1
DA:16,1
DA:18,2
DA:19,1
DA:20,1
DA:21,2
DA:22,2
DA:23,2
DA:24,2
DA:25,2
DA:27,2
DA:28,2
DA:30,2
DA:31,2
DA:33,2
DA:34,2
DA:35,1
DA:36,1
DA:39,0
DA:41,0
DA:42,0
DA:43,0
DA:44,0
DA:45,0
DA:46,0
DA:47,0
DA:48,0
DA:49,0
DA:50,0
DA:51,0
DA:52,0
DA:53,0
DA:54,0
DA:55,0
DA:56,0
DA:57,0
DA:58,0
DA:59,0
DA:62,1
DA:64,1
DA:65,1
DA:66,1
DA:67,1
DA:68,1
DA:69,1
DA:70,1
DA:71,2
DA:74,0
DA:76,0
DA:77,0
DA:78,0
DA:79,0
DA:80,0
DA:83,1
DA:85,1
DA:86,2
DA:87,1
DA:90,0
DA:92,0
DA:93,0
DA:94,0
LF:66
LH:36
end_of_record
SF:lib/src/models/daily/daily_forecast.dart
DA:15,2
DA:35,0
DA:46,0
DA:66,0
DA:82,0
DA:92,0
DA:102,0
DA:112,0
DA:123,0
DA:133,0
DA:143,0
LF:11
LH:1
end_of_record
SF:lib/src/models/daily/daily_forecast.g.dart
DA:9,1
DA:10,1
DA:11,1
DA:12,1
DA:13,1
DA:14,2
DA:15,1
DA:18,0
DA:19,0
DA:20,0
DA:21,0
DA:22,0
DA:25,0
DA:26,0
DA:27,0
DA:29,0
DA:30,0
DA:31,0
DA:32,0
DA:33,0
DA:34,0
DA:35,0
DA:36,0
DA:37,0
DA:38,0
DA:39,0
DA:40,0
DA:41,0
DA:42,0
DA:44,0
DA:46,0
DA:48,0
DA:51,0
DA:52,0
DA:53,0
DA:54,0
DA:55,0
DA:56,0
DA:57,0
DA:58,0
DA:59,0
DA:60,0
DA:61,0
DA:62,0
DA:63,0
DA:64,0
DA:67,0
DA:68,0
DA:69,0
DA:70,0
DA:71,0
DA:74,0
DA:75,0
DA:76,0
DA:77,0
DA:78,0
DA:81,0
DA:83,0
DA:84,0
DA:85,0
DA:86,0
DA:87,0
DA:88,0
DA:90,0
DA:91,0
DA:92,0
DA:93,0
DA:94,0
DA:96,0
DA:97,0
DA:99,0
DA:100,0
DA:102,0
DA:103,0
DA:104,0
DA:106,0
DA:109,0
DA:111,0
DA:112,0
DA:113,0
DA:114,0
DA:115,0
DA:116,0
DA:117,0
DA:118,0
DA:119,0
DA:120,0
DA:121,0
DA:122,0
DA:123,0
DA:126,0
DA:128,0
DA:129,0
DA:130,0
DA:131,0
DA:132,0
DA:133,0
DA:135,0
DA:136,0
DA:137,0
DA:138,0
DA:141,0
DA:143,0
DA:144,0
DA:145,0
DA:146,0
DA:147,0
DA:148,0
DA:149,0
DA:150,0
DA:151,0
DA:154,0
DA:156,0
DA:157,0
DA:158,0
DA:161,0
DA:163,0
DA:164,0
DA:165,0
DA:168,0
DA:170,0
DA:171,0
DA:172,0
DA:175,0
DA:177,0
DA:178,0
DA:179,0
DA:182,0
DA:183,0
DA:184,0
DA:185,0
DA:188,0
DA:189,0
DA:190,0
DA:191,0
DA:194,0
DA:195,0
DA:196,0
DA:197,0
DA:198,0
DA:199,0
DA:200,0
DA:201,0
DA:202,0
DA:205,0
DA:206,0
DA:207,0
DA:209,0
DA:211,0
DA:214,0
DA:215,0
DA:216,0
DA:217,0
DA:220,0
DA:221,0
DA:222,0
DA:223,0
DA:226,0
DA:228,0
DA:229,0
DA:230,0
DA:233,0
DA:235,0
DA:236,0
DA:237,0
LF:165
LH:7
end_of_record
SF:lib/src/models/history/hourly_history.dart
DA:15,2
DA:42,0
LF:2
LH:1
end_of_record
SF:lib/src/models/history/hourly_history.g.dart
DA:9,1
DA:10,1
DA:11,1
DA:12,1
DA:13,1
DA:14,2
DA:15,1
DA:18,0
DA:19,0
DA:20,0
DA:21,0
DA:22,0
DA:25,0
DA:26,0
DA:27,0
DA:28,0
DA:29,0
DA:30,0
DA:31,0
DA:32,0
DA:34,0
DA:35,0
DA:36,0
DA:37,0
DA:38,0
DA:39,0
DA:40,0
DA:41,0
DA:42,0
DA:43,0
DA:45,0
DA:46,0
DA:48,0
DA:49,0
DA:51,0
DA:52,0
DA:54,0
DA:57,0
DA:58,0
DA:59,0
DA:60,0
DA:61,0
DA:62,0
DA:63,0
DA:64,0
DA:65,0
DA:66,0
DA:67,0
DA:68,0
DA:69,0
DA:70,0
DA:71,0
DA:72,0
DA:73,0
DA:74,0
DA:75,0
DA:76,0
DA:77,0
LF:58
LH:7
end_of_record
SF:lib/src/models/hourly/hourly_forecast.dart
DA:15,2
DA:42,0
LF:2
LH:1
end_of_record
SF:lib/src/models/hourly/hourly_forecast.g.dart
DA:9,1
DA:10,1
DA:11,1
DA:12,1
DA:13,1
DA:14,2
DA:15,1
DA:18,0
DA:20,0
DA:21,0
DA:22,0
DA:23,0
DA:26,0
DA:27,0
DA:28,0
DA:29,0
DA:30,0
DA:31,0
DA:32,0
DA:33,0
DA:35,0
DA:36,0
DA:37,0
DA:38,0
DA:39,0
DA:40,0
DA:41,0
DA:42,0
DA:43,0
DA:44,0
DA:46,0
DA:47,0
DA:49,0
DA:50,0
DA:52,0
DA:53,0
DA:55,0
DA:58,0
DA:59,0
DA:60,0
DA:61,0
DA:62,0
DA:63,0
DA:64,0
DA:65,0
DA:66,0
DA:67,0
DA:68,0
DA:69,0
DA:70,0
DA:71,0
DA:72,0
DA:73,0
DA:74,0
DA:75,0
DA:76,0
DA:77,0
DA:78,0
LF:58
LH:7
end_of_record
